<?xml version="1.0" encoding="UTF-8"?>
<testsuite name="VirtualPetTest" tests="1" skipped="0" failures="0" errors="0" timestamp="2020-09-03T20:00:07" hostname="UNIT2020-" time="0.011">
  <properties/>
  <testcase name="shouldShowThirstBalanceOf5" classname="VirtualPetTest" time="0.011"/>
  <system-out><![CDATA[]]></system-out>
  <system-err><![CDATA[]]></system-err>
</testsuite>
